Создать индексы на БД, которые ускорят доступ к данным.
В данном задании тренируются навыки:

    определения узких мест
    написания запросов для создания индекса
    оптимизации
    Необходимо:

    Создать индекс к какой-либо из таблиц вашей БД
    Прислать текстом результат команды explain,
    в которой используется данный индекс

План запроса без выполнения до создания индексов

    explain select bool_field from index_test_table where random_num < 20000 and random_num > 10000 ; 

    Seq Scan on index_test_table  (cost=0.00..1943.00 rows=9944 width=1)
      Filter: ((random_num < 20000) AND (random_num > 10000))


Выполнение запроса с экспланацией до создания индексов Добавляется актуальное время выполнения и количество строк.

explain analyze   select bool_field from index_test_table where random_num < 20000 and random_num > 10000 ; 

    Seq Scan on index_test_table  (cost=0.00..1943.00 rows=9944 width=1) (actual time=0.019..5.368 rows=9999 loops=1)
      Filter: ((random_num < 20000) AND (random_num > 10000))
      Rows Removed by Filter: 90001
    Planning Time: 0.038 ms
    Execution Time: 5.657 ms


Создание индекса 


    create index ind_numbers ON index_test_table (random_num);



Выполнение запроса только по полю с индексом с экспланацией. 

    explain analyze select random_num from index_test_table where random_num < 20000 and random_num > 10000 ; 

    Index Only Scan using ind_numbers on index_test_table  (cost=0.29..311.17 rows=9944 width=4) (actual time=0.067..1.950 rows=9999 loops=1)
      Index Cond: ((random_num < 20000) AND (random_num > 10000))
      Heap Fetches: 0
    Planning Time: 0.082 ms
    Execution Time: 2.526 ms

Выполнение запроса по полю с индексовм и полю без индекса с экспланацией. Cократилось время на выполнения запроса. Увеличилось время планирования. 

    explain analyze   select bool_field from index_test_table where random_num < 20000 and random_num > 10000 ; 

    Bitmap Heap Scan on index_test_table  (cost=214.22..806.38 rows=9944 width=1) (actual time=1.210..4.169 rows=9999 loops=1)
      Recheck Cond: ((random_num < 20000) AND (random_num > 10000))
      Heap Blocks: exact=443
      ->  Bitmap Index Scan on ind_numbers  (cost=0.00..211.73 rows=9944 width=0) (actual time=1.134..1.135 rows=9999 loops=1)
            Index Cond: ((random_num < 20000) AND (random_num > 10000))
    Planning Time: 0.232 ms
    Execution Time: 4.807 ms

Реализовать индекс для полнотекстового поиска
    
    CREATE TABLE texts (
    id SERIAL PRIMARY KEY,
    title TEXT,
    summary TEXT
    );

    INSERT INTO texts (title, summary) VALUES
    ('Роман с камнем', 'Великолепная книга о любви к минералам.'),
    ('Кулинарная энциклопедия', 'Инструкция по любви к еде.'),
    ('Сердце не камень', 'Книга о большой семейной трагедии'),
    ('Танки и голуби','Военная драма');

    ALTER TABLE texts ADD COLUMN content_tsvector TSVECTOR GENERATED ALWAYS
    AS (to_tsvector('russian', summary)) STORED;

    CREATE INDEX idx_texts_summary_tsvector ON texts USING gin
    (content_tsvector);

    EXPLAIN SELECT title, summary FROM texts WHERE content_tsvector @@
    to_tsquery('russian', 'книга & трагед');

    forind=# SET enable_seqscan = OFF;
    SET
Создать индексы на БД, которые ускорят доступ к данным.
В данном задании тренируются навыки:

    определения узких мест
    написания запросов для создания индекса
    оптимизации
    Необходимо:

    Создать индекс к какой-либо из таблиц вашей БД
    Прислать текстом результат команды explain,
    в которой используется данный индекс

Для начала испоользую таблицу из файла примеров. 

План запроса без выполнения до создания индексов

    explain select bool_field from index_test_table where random_num < 20000 and random_num > 10000 ; 

    Seq Scan on index_test_table  (cost=0.00..1943.00 rows=9944 width=1)
      Filter: ((random_num < 20000) AND (random_num > 10000))


Выполнение запроса с экспланацией до создания индексов Добавляется актуальное время выполнения и количество строк.

explain analyze   select bool_field from index_test_table where random_num < 20000 and random_num > 10000 ; 

    Seq Scan on index_test_table  (cost=0.00..1943.00 rows=9944 width=1) (actual time=0.019..5.368 rows=9999 loops=1)
      Filter: ((random_num < 20000) AND (random_num > 10000))
      Rows Removed by Filter: 90001 
    Planning Time: 0.038 ms
    Execution Time: 5.657 ms

Строки перебраны и большая часть отброшена. 

Создание индекса 


    create index ind_numbers ON index_test_table (random_num);

Выполнение запроса только по полю с индексом с экспланацией. 

    explain analyze select random_num from index_test_table where random_num < 20000 and random_num > 10000 ; 

    Index Only Scan using ind_numbers on index_test_table  (cost=0.29..311.17 rows=9944 width=4) (actual time=0.067..1.950 rows=9999 loops=1)
      Index Cond: ((random_num < 20000) AND (random_num > 10000))
      Heap Fetches: 0
    Planning Time: 0.082 ms
    Execution Time: 2.526 ms

Время запроса существенно сокращено, поскольку проверялись и выдавались из таблицы только уложившиеся в фильтр строки через индекс. 

Выполнение запроса по полю с индексом с выдачей поля без индекса с экспланацией. 

    explain analyze   select bool_field from index_test_table where random_num < 20000 and random_num > 10000 ; 

    Bitmap Heap Scan on index_test_table  (cost=214.22..806.38 rows=9944 width=1) (actual time=1.210..4.169 rows=9999 loops=1)
      Recheck Cond: ((random_num < 20000) AND (random_num > 10000))
      Heap Blocks: exact=443
      ->  Bitmap Index Scan on ind_numbers  (cost=0.00..211.73 rows=9944 width=0) (actual time=1.134..1.135 rows=9999 loops=1)
            Index Cond: ((random_num < 20000) AND (random_num > 10000))
    Planning Time: 0.232 ms
    Execution Time: 4.807 ms

Cократилось время на выполнения запроса. Увеличилось время планирования.  Значимое количество строк получено из кэша.

Реализовать индекс для полнотекстового поиска
    
    CREATE TABLE texts (
    id SERIAL PRIMARY KEY,
    title TEXT,
    summary TEXT
    );

    INSERT INTO texts (title, summary) VALUES
    ('Роман с камнем', 'Великолепная книга о любви к минералам.'),
    ('Кулинарная энциклопедия', 'Инструкция по любви к еде.'),
    ('Сердце не камень', 'Книга о большой семейной трагедии'),
    ('Танки и голуби','Военная драма');

ALTER TABLE texts ADD COLUMN content_tsvector TSVECTOR GENERATED ALWAYS
    AS (to_tsvector('russian', summary)) STORED;

    CREATE INDEX idx_texts_summary_tsvector ON texts USING gin
(content_tsvector);
    
    forind=# SET enable_seqscan = OFF;
   SET
    
   forind=# EXPLAIN ANALYZE SELECT title, summary FROM texts WHERE content_tsvector @@
    to_tsquery('russian', 'книга');
                                                            QUERY PLAN                                                             
    -----------------------------------------------------------------------------------------------------------------------------------
    Bitmap Heap Scan on texts  (cost=8.00..12.01 rows=1 width=64) (actual time=0.014..0.015 rows=2 loops=1)
       Recheck Cond: (content_tsvector @@ '''книг'''::tsquery)
   Heap Blocks: exact=1
       ->  Bitmap Index Scan on idx_texts_summary_tsvector  (cost=0.00..8.00 rows=1 width=0) (actual time=0.009..0.009 rows=2 loops=1)
         Index Cond: (content_tsvector @@ '''книг'''::tsquery)
     Planning Time: 0.097 ms
    Execution Time: 0.040 ms
    (7 rows)

     explain analyze SELECT title, summary FROM texts WHERE content_tsvector @@
    to_tsquery('russian', 'большой & трагедии');
	
	
	enable_seqscan = ON
	
	 Seq Scan on texts  (cost=0.00..1.05 rows=1 width=64) (actual time=0.007..0.008 rows=1 loops=1)
    Filter: (content_tsvector @@ '''больш'' & ''трагед'''::tsquery)
    Rows Removed by Filter: 3
    Planning Time: 0.082 ms
    Execution Time: 0.015 ms
    (5 rows)
    
	enable_seqscan = Off
	
	
	Bitmap Heap Scan on texts  (cost=12.00..16.01 rows=1 width=64) (actual time=0.016..0.017 rows=1 loops=1)
    Recheck Cond: (content_tsvector @@ '''больш'' & ''трагед'''::tsquery)
    Heap Blocks: exact=1
     ->  Bitmap Index Scan on idx_texts_summary_tsvector  (cost=0.00..12.00 rows=1 width=0) (actual time=0.010..0.010 rows=1 loops=1)
         Index Cond: (content_tsvector @@ '''больш'' & ''трагед'''::tsquery)
    Planning Time: 0.117 ms
    Execution Time: 0.056 ms
    (7 rows)

Любопытно что с индексом поиск как будто занимает больше. ВИдимо, преимущество достигается на большем количестве строк?

Реализовать индекс на часть таблицы 
	
	create index ind_numbers ON index_test_table (random_num) where random_num < 10000;

Пробуем там, где нет индекса: 
	
      Seq Scan on index_test_table  (cost=10000000000.00..10000001943.00 rows=10111 width=4) (actual time=35.059..42.814 rows=9999 loops=1)
    Filter: ((random_num > 20000) AND (random_num < 30000))
    Rows Removed by Filter: 90001
    Planning Time: 0.135 ms
    JIT:
    Functions: 4
    Options: Inlining true, Optimization true, Expressions true, Deforming true
    Timing: Generation 0.325 ms, Inlining 3.012 ms, Optimization 22.122 ms, Emission 9.908 ms, Total 35.367 ms
    Execution Time: 43.732 ms
    (9 rows)

Пробуем там, где есть  индекс:

     Index Only Scan using ind_partial on index_test_table  (cost=0.29..271.12 rows=10084 width=4) (actual time=0.117..2.162 rows=9999 loops=1)
    Heap Fetches: 0
    Planning Time: 0.095 ms
    Execution Time: 2.981 ms
    (4 rows)

Тип операции сменился и скорость возросла в разы.

Создать индекс на несколько полей
Создадим индекс, сортирующий сначала по булеву полю, потом по случайному числу:

    create index ind_many  ON index_test_table (bool_field,random_num);

Попробуем там, где нет частичного индекса:

    explain analyze select random_num,bool_field from index_test_table  where random_num > 20000 and random_num < 30000 and bool_field is 't';

    Index Only Scan using ind_many on index_test_table  (cost=0.29..6.54 rows=100 width=5) (actual time=0.054..0.074 rows=113 loops=1)
    Index Cond: ((bool_field = true) AND (random_num > 20000) AND (random_num < 30000))
    Heap Fetches: 0
    Planning Time: 0.267 ms
    Execution Time: 0.093 ms
   (5 rows)
   
После удаления индекса время выпонения существенно увеличивается, поскольку Rows Removed by Filter: 99887

	 Seq Scan on index_test_table  (cost=0.00..1943.00 rows=100 width=5) (actual time=0.010..9.770 rows=113 loops=1)
    Filter: (bool_field AND (random_num > 20000) AND (random_num < 30000))
    Rows Removed by Filter: 99887
    Planning Time: 0.164 ms
    Execution Time: 9.786 ms
    (5 rows)


Проблем как таковых в ходе выполнения не было. 

